  AB.cpp
C:\Users\何嘉玮\Desktop\9210604202何嘉玮c语言课程设计\Archer_Battle\AB.cpp(308,26): warning C4244: “参数”: 从“double”转换到“int”，可能丢失数据
C:\Users\何嘉玮\Desktop\9210604202何嘉玮c语言课程设计\Archer_Battle\AB.cpp(308,17): warning C4244: “参数”: 从“double”转换到“int”，可能丢失数据
C:\Users\何嘉玮\Desktop\9210604202何嘉玮c语言课程设计\Archer_Battle\AB.cpp(309,26): warning C4244: “参数”: 从“double”转换到“int”，可能丢失数据
C:\Users\何嘉玮\Desktop\9210604202何嘉玮c语言课程设计\Archer_Battle\AB.cpp(309,17): warning C4244: “参数”: 从“double”转换到“int”，可能丢失数据
C:\Users\何嘉玮\Desktop\9210604202何嘉玮c语言课程设计\Archer_Battle\AB.cpp(313,26): warning C4244: “参数”: 从“double”转换到“int”，可能丢失数据
C:\Users\何嘉玮\Desktop\9210604202何嘉玮c语言课程设计\Archer_Battle\AB.cpp(313,17): warning C4244: “参数”: 从“double”转换到“int”，可能丢失数据
C:\Users\何嘉玮\Desktop\9210604202何嘉玮c语言课程设计\Archer_Battle\AB.cpp(314,26): warning C4244: “参数”: 从“double”转换到“int”，可能丢失数据
C:\Users\何嘉玮\Desktop\9210604202何嘉玮c语言课程设计\Archer_Battle\AB.cpp(314,17): warning C4244: “参数”: 从“double”转换到“int”，可能丢失数据
C:\Users\何嘉玮\Desktop\9210604202何嘉玮c语言课程设计\Archer_Battle\AB.cpp(321,27): warning C4244: “参数”: 从“double”转换到“int”，可能丢失数据
C:\Users\何嘉玮\Desktop\9210604202何嘉玮c语言课程设计\Archer_Battle\AB.cpp(321,18): warning C4244: “参数”: 从“double”转换到“int”，可能丢失数据
C:\Users\何嘉玮\Desktop\9210604202何嘉玮c语言课程设计\Archer_Battle\AB.cpp(322,27): warning C4244: “参数”: 从“double”转换到“int”，可能丢失数据
C:\Users\何嘉玮\Desktop\9210604202何嘉玮c语言课程设计\Archer_Battle\AB.cpp(322,18): warning C4244: “参数”: 从“double”转换到“int”，可能丢失数据
C:\Users\何嘉玮\Desktop\9210604202何嘉玮c语言课程设计\Archer_Battle\AB.cpp(326,27): warning C4244: “参数”: 从“double”转换到“int”，可能丢失数据
C:\Users\何嘉玮\Desktop\9210604202何嘉玮c语言课程设计\Archer_Battle\AB.cpp(326,18): warning C4244: “参数”: 从“double”转换到“int”，可能丢失数据
C:\Users\何嘉玮\Desktop\9210604202何嘉玮c语言课程设计\Archer_Battle\AB.cpp(327,27): warning C4244: “参数”: 从“double”转换到“int”，可能丢失数据
C:\Users\何嘉玮\Desktop\9210604202何嘉玮c语言课程设计\Archer_Battle\AB.cpp(327,18): warning C4244: “参数”: 从“double”转换到“int”，可能丢失数据
C:\Users\何嘉玮\Desktop\9210604202何嘉玮c语言课程设计\Archer_Battle\AB.cpp(334,27): warning C4244: “参数”: 从“double”转换到“int”，可能丢失数据
C:\Users\何嘉玮\Desktop\9210604202何嘉玮c语言课程设计\Archer_Battle\AB.cpp(334,17): warning C4244: “参数”: 从“double”转换到“int”，可能丢失数据
C:\Users\何嘉玮\Desktop\9210604202何嘉玮c语言课程设计\Archer_Battle\AB.cpp(337,28): warning C4244: “参数”: 从“double”转换到“int”，可能丢失数据
C:\Users\何嘉玮\Desktop\9210604202何嘉玮c语言课程设计\Archer_Battle\AB.cpp(337,18): warning C4244: “参数”: 从“double”转换到“int”，可能丢失数据
C:\Users\何嘉玮\Desktop\9210604202何嘉玮c语言课程设计\Archer_Battle\AB.cpp(346,28): warning C4244: “参数”: 从“double”转换到“int”，可能丢失数据
C:\Users\何嘉玮\Desktop\9210604202何嘉玮c语言课程设计\Archer_Battle\AB.cpp(346,18): warning C4244: “参数”: 从“double”转换到“int”，可能丢失数据
C:\Users\何嘉玮\Desktop\9210604202何嘉玮c语言课程设计\Archer_Battle\AB.cpp(360,38): warning C4244: “参数”: 从“double”转换到“int”，可能丢失数据
C:\Users\何嘉玮\Desktop\9210604202何嘉玮c语言课程设计\Archer_Battle\AB.cpp(360,25): warning C4244: “参数”: 从“double”转换到“int”，可能丢失数据
C:\Users\何嘉玮\Desktop\9210604202何嘉玮c语言课程设计\Archer_Battle\AB.cpp(377,25): warning C4244: “参数”: 从“double”转换到“int”，可能丢失数据
C:\Users\何嘉玮\Desktop\9210604202何嘉玮c语言课程设计\Archer_Battle\AB.cpp(529,14): warning C4018: “>”: 有符号/无符号不匹配
C:\Users\何嘉玮\Desktop\9210604202何嘉玮c语言课程设计\Archer_Battle\AB.cpp(602,12): warning C4244: “参数”: 从“time_t”转换到“unsigned int”，可能丢失数据
  正在生成代码
  46 of 46 functions (100.0%) were compiled.
    20 functions were new in current compilation
    0 functions had inline decision re-evaluated but remain unchanged
  已完成代码的生成
  Archer_Battle.vcxproj -> C:\Users\何嘉玮\Desktop\9210604202何嘉玮c语言课程设计\Archer_Battle\x64\Release\Archer_Battle.exe
