  AB.cpp
C:\vsproject\Archer_Battle\AB.cpp(274,26): warning C4244: “参数”: 从“double”转换到“int”，可能丢失数据
C:\vsproject\Archer_Battle\AB.cpp(274,17): warning C4244: “参数”: 从“double”转换到“int”，可能丢失数据
C:\vsproject\Archer_Battle\AB.cpp(275,26): warning C4244: “参数”: 从“double”转换到“int”，可能丢失数据
C:\vsproject\Archer_Battle\AB.cpp(275,17): warning C4244: “参数”: 从“double”转换到“int”，可能丢失数据
C:\vsproject\Archer_Battle\AB.cpp(279,26): warning C4244: “参数”: 从“double”转换到“int”，可能丢失数据
C:\vsproject\Archer_Battle\AB.cpp(279,17): warning C4244: “参数”: 从“double”转换到“int”，可能丢失数据
C:\vsproject\Archer_Battle\AB.cpp(280,26): warning C4244: “参数”: 从“double”转换到“int”，可能丢失数据
C:\vsproject\Archer_Battle\AB.cpp(280,17): warning C4244: “参数”: 从“double”转换到“int”，可能丢失数据
C:\vsproject\Archer_Battle\AB.cpp(287,27): warning C4244: “参数”: 从“double”转换到“int”，可能丢失数据
C:\vsproject\Archer_Battle\AB.cpp(287,18): warning C4244: “参数”: 从“double”转换到“int”，可能丢失数据
C:\vsproject\Archer_Battle\AB.cpp(288,27): warning C4244: “参数”: 从“double”转换到“int”，可能丢失数据
C:\vsproject\Archer_Battle\AB.cpp(288,18): warning C4244: “参数”: 从“double”转换到“int”，可能丢失数据
C:\vsproject\Archer_Battle\AB.cpp(292,27): warning C4244: “参数”: 从“double”转换到“int”，可能丢失数据
C:\vsproject\Archer_Battle\AB.cpp(292,18): warning C4244: “参数”: 从“double”转换到“int”，可能丢失数据
C:\vsproject\Archer_Battle\AB.cpp(293,27): warning C4244: “参数”: 从“double”转换到“int”，可能丢失数据
C:\vsproject\Archer_Battle\AB.cpp(293,18): warning C4244: “参数”: 从“double”转换到“int”，可能丢失数据
C:\vsproject\Archer_Battle\AB.cpp(300,27): warning C4244: “参数”: 从“double”转换到“int”，可能丢失数据
C:\vsproject\Archer_Battle\AB.cpp(300,17): warning C4244: “参数”: 从“double”转换到“int”，可能丢失数据
C:\vsproject\Archer_Battle\AB.cpp(303,28): warning C4244: “参数”: 从“double”转换到“int”，可能丢失数据
C:\vsproject\Archer_Battle\AB.cpp(303,18): warning C4244: “参数”: 从“double”转换到“int”，可能丢失数据
C:\vsproject\Archer_Battle\AB.cpp(312,28): warning C4244: “参数”: 从“double”转换到“int”，可能丢失数据
C:\vsproject\Archer_Battle\AB.cpp(312,18): warning C4244: “参数”: 从“double”转换到“int”，可能丢失数据
C:\vsproject\Archer_Battle\AB.cpp(326,38): warning C4244: “参数”: 从“double”转换到“int”，可能丢失数据
C:\vsproject\Archer_Battle\AB.cpp(326,25): warning C4244: “参数”: 从“double”转换到“int”，可能丢失数据
C:\vsproject\Archer_Battle\AB.cpp(343,25): warning C4244: “参数”: 从“double”转换到“int”，可能丢失数据
C:\vsproject\Archer_Battle\AB.cpp(495,14): warning C4018: “>”: 有符号/无符号不匹配
C:\vsproject\Archer_Battle\AB.cpp(557,12): warning C4244: “参数”: 从“time_t”转换到“unsigned int”，可能丢失数据
  Archer_Battle.vcxproj -> C:\vsproject\Archer_Battle\x64\Debug\Archer_Battle.exe
